1552671802576	mozrunner::runner	INFO	Running command: "/usr/bin/firefox" "-marionette" "-foreground" "-no-remote" "-profile" "/tmp/rust_mozprofile.mnW4xggR6BXe"
1552671815189	Marionette	INFO	Listening on port 36728
1552671815384	Marionette	WARN	TLS certificate errors will be ignored for this session
1552671815723	Marionette	DEBUG	[2147483649] Frame script loaded
1552671815730	Marionette	DEBUG	[2147483649] Frame script registered
1552671815823	Marionette	DEBUG	[2147483649] Received DOM event beforeunload for about:blank
1552671816480	Marionette	DEBUG	[2147483649] Received DOM event pagehide for about:blank
1552671818497	Marionette	DEBUG	[2147483649] Received DOM event DOMContentLoaded for https://postmates.com/
1552671833148	Marionette	DEBUG	[2147483649] Received observer notification outer-window-destroyed for 2147483661
1552671833219	Marionette	DEBUG	[2147483649] Received observer notification outer-window-destroyed for 2147483663
1552671833371	Marionette	DEBUG	[2147483649] Received DOM event pageshow for https://postmates.com/
1552671834451	Marionette	DEBUG	[2147483649] Received DOM event beforeunload for https://postmates.com/
1552671835442	Marionette	DEBUG	[2147483649] Received DOM event pagehide for https://postmates.com/
1552671835487	Marionette	DEBUG	[2147483649] Received DOM event unload for https://postmates.com/
1552671836094	Marionette	DEBUG	[2147483649] Received observer notification outer-window-destroyed for 2147483653
1552671836099	Marionette	DEBUG	[2147483649] Received observer notification outer-window-destroyed for 2147483658
1552671836122	Marionette	DEBUG	[2147483649] Received observer notification outer-window-destroyed for 2147483656
1552671836123	Marionette	DEBUG	[2147483649] Received observer notification outer-window-destroyed for 2147483670
1552671836287	Marionette	DEBUG	[2147483649] Received DOM event DOMContentLoaded for https://postmates.com/
1552671844810	Marionette	DEBUG	[2147483649] Received DOM event pageshow for https://postmates.com/
1552671846065	Marionette	INFO	Stopped listening on port 36728
1552671880524	mozrunner::runner	INFO	Running command: "/usr/bin/firefox" "-marionette" "-foreground" "-no-remote" "-profile" "/tmp/rust_mozprofile.67otJoWWEInB"
1552671890863	Marionette	INFO	Listening on port 37910
1552671891159	Marionette	WARN	TLS certificate errors will be ignored for this session
1552671891665	Marionette	DEBUG	[2147483649] Frame script loaded
1552671891771	Marionette	DEBUG	[2147483649] Frame script registered
1552671891866	Marionette	DEBUG	[2147483649] Received DOM event beforeunload for about:blank
1552671892373	Marionette	DEBUG	[2147483649] Received DOM event pagehide for about:blank
1552671895505	Marionette	DEBUG	[2147483649] Received DOM event DOMContentLoaded for https://postmates.com/
1552671909140	Marionette	DEBUG	[2147483649] Received observer notification outer-window-destroyed for 2147483659
1552671909205	Marionette	DEBUG	[2147483649] Received observer notification outer-window-destroyed for 2147483662
1552671909428	Marionette	DEBUG	[2147483649] Received DOM event pageshow for https://postmates.com/
1552671910501	Marionette	DEBUG	[2147483649] Received DOM event beforeunload for https://postmates.com/
1552671911378	Marionette	DEBUG	[2147483649] Received DOM event pagehide for https://postmates.com/
1552671911397	Marionette	DEBUG	[2147483649] Received DOM event unload for https://postmates.com/
1552671911882	Marionette	DEBUG	[2147483649] Received observer notification outer-window-destroyed for 2147483653
1552671911882	Marionette	DEBUG	[2147483649] Received observer notification outer-window-destroyed for 2147483660
1552671911882	Marionette	DEBUG	[2147483649] Received observer notification outer-window-destroyed for 2147483656
1552671911883	Marionette	DEBUG	[2147483649] Received observer notification outer-window-destroyed for 2147483670
1552671912081	Marionette	DEBUG	[2147483649] Received DOM event DOMContentLoaded for https://postmates.com/
1552671921473	Marionette	DEBUG	[2147483649] Received observer notification outer-window-destroyed for 2147483677
1552671921482	Marionette	DEBUG	[2147483649] Received observer notification outer-window-destroyed for 2147483679
1552671921602	Marionette	DEBUG	[2147483649] Received DOM event pageshow for https://postmates.com/
1552671922724	Marionette	INFO	Stopped listening on port 37910
1552672070643	mozrunner::runner	INFO	Running command: "/usr/bin/firefox" "-marionette" "-foreground" "-no-remote" "-profile" "/tmp/rust_mozprofile.CC2pEltt8BK0"
1552672082007	Marionette	INFO	Listening on port 35933
1552672082111	Marionette	WARN	TLS certificate errors will be ignored for this session
1552672082688	Marionette	DEBUG	[2147483649] Frame script loaded
1552672082738	Marionette	DEBUG	[2147483649] Frame script registered
1552672082861	Marionette	DEBUG	[2147483649] Received DOM event beforeunload for about:blank
1552672083656	Marionette	DEBUG	[2147483649] Received DOM event pagehide for about:blank
1552672090788	Marionette	DEBUG	[2147483649] Received DOM event DOMContentLoaded for https://postmates.com/
1552672102971	Marionette	DEBUG	[2147483649] Received observer notification outer-window-destroyed for 2147483655
1552672103271	Marionette	DEBUG	[2147483649] Received observer notification outer-window-destroyed for 2147483664
1552672103445	Marionette	DEBUG	[2147483649] Received DOM event pageshow for https://postmates.com/
1552672104347	Marionette	DEBUG	[2147483649] Received DOM event beforeunload for https://postmates.com/
1552672105078	Marionette	DEBUG	[2147483649] Received DOM event pagehide for https://postmates.com/
1552672105094	Marionette	DEBUG	[2147483649] Received DOM event unload for https://postmates.com/
1552672105486	Marionette	DEBUG	[2147483649] Received observer notification outer-window-destroyed for 2147483653
1552672105500	Marionette	DEBUG	[2147483649] Received observer notification outer-window-destroyed for 2147483662
1552672105503	Marionette	DEBUG	[2147483649] Received observer notification outer-window-destroyed for 2147483658
1552672105503	Marionette	DEBUG	[2147483649] Received observer notification outer-window-destroyed for 2147483671
1552672105702	Marionette	DEBUG	[2147483649] Received DOM event DOMContentLoaded for https://postmates.com/
1552672116333	Marionette	DEBUG	[2147483649] Received DOM event pageshow for https://postmates.com/
1552672118126	Marionette	INFO	Stopped listening on port 35933
1552672245300	mozrunner::runner	INFO	Running command: "/usr/bin/firefox" "-marionette" "-foreground" "-no-remote" "-profile" "/tmp/rust_mozprofile.U42Gg6k7XDRe"
1552672256399	Marionette	INFO	Listening on port 41039
1552672256594	Marionette	WARN	TLS certificate errors will be ignored for this session
1552672257069	Marionette	DEBUG	[2147483649] Frame script loaded
1552672257157	Marionette	DEBUG	[2147483649] Frame script registered
1552672257273	Marionette	DEBUG	[2147483649] Received DOM event beforeunload for about:blank
1552672258078	Marionette	DEBUG	[2147483649] Received DOM event pagehide for about:blank
1552672261252	Marionette	DEBUG	[2147483649] Received DOM event DOMContentLoaded for https://postmates.com/
1552672276231	Marionette	DEBUG	[2147483649] Received observer notification outer-window-destroyed for 2147483660
1552672276373	Marionette	DEBUG	[2147483649] Received observer notification outer-window-destroyed for 2147483662
1552672276626	Marionette	DEBUG	[2147483649] Received DOM event pageshow for https://postmates.com/
1552672279340	Marionette	DEBUG	[2147483649] Received DOM event beforeunload for https://postmates.com/
1552672280669	Marionette	DEBUG	[2147483649] Received DOM event pagehide for https://postmates.com/
1552672280686	Marionette	DEBUG	[2147483649] Received DOM event unload for https://postmates.com/
1552672281378	Marionette	DEBUG	[2147483649] Received observer notification outer-window-destroyed for 2147483653
1552672281379	Marionette	DEBUG	[2147483649] Received observer notification outer-window-destroyed for 2147483658
1552672281380	Marionette	DEBUG	[2147483649] Received observer notification outer-window-destroyed for 2147483655
1552672281381	Marionette	DEBUG	[2147483649] Received observer notification outer-window-destroyed for 2147483669
1552672281639	Marionette	DEBUG	[2147483649] Received DOM event DOMContentLoaded for https://postmates.com/
1552672292584	Marionette	DEBUG	[2147483649] Received observer notification outer-window-destroyed for 2147483676
1552672292590	Marionette	DEBUG	[2147483649] Received observer notification outer-window-destroyed for 2147483678
1552672292756	Marionette	DEBUG	[2147483649] Received observer notification outer-window-destroyed for 2147483680
1552672293176	Marionette	DEBUG	[2147483649] Received DOM event pageshow for https://postmates.com/
1552672294615	Marionette	INFO	Stopped listening on port 41039
1552672394668	mozrunner::runner	INFO	Running command: "/usr/bin/firefox" "-marionette" "-foreground" "-no-remote" "-profile" "/tmp/rust_mozprofile.qhsHV0NVpvOl"
1552672405981	Marionette	INFO	Listening on port 34451
1552672406058	Marionette	WARN	TLS certificate errors will be ignored for this session
1552672406401	Marionette	DEBUG	[2147483649] Frame script loaded
1552672406417	Marionette	DEBUG	[2147483649] Frame script registered
1552672406699	Marionette	DEBUG	[2147483649] Received DOM event beforeunload for about:blank
1552672407213	Marionette	DEBUG	[2147483649] Received DOM event pagehide for about:blank
1552672412919	Marionette	DEBUG	[2147483649] Received DOM event DOMContentLoaded for https://postmates.com/
1552672426739	Marionette	DEBUG	[2147483649] Received observer notification outer-window-destroyed for 2147483660
1552672426993	Marionette	DEBUG	[2147483649] Received DOM event pageshow for https://postmates.com/
1552672428940	Marionette	DEBUG	[2147483649] Received DOM event beforeunload for https://postmates.com/
1552672429985	Marionette	DEBUG	[2147483649] Received DOM event pagehide for https://postmates.com/
1552672430002	Marionette	DEBUG	[2147483649] Received DOM event unload for https://postmates.com/
1552672430292	Marionette	DEBUG	[2147483649] Received observer notification outer-window-destroyed for 2147483653
1552672430293	Marionette	DEBUG	[2147483649] Received observer notification outer-window-destroyed for 2147483658
1552672430334	Marionette	DEBUG	[2147483649] Received observer notification outer-window-destroyed for 2147483655
1552672430337	Marionette	DEBUG	[2147483649] Received observer notification outer-window-destroyed for 2147483669
1552672430573	Marionette	DEBUG	[2147483649] Received DOM event DOMContentLoaded for https://postmates.com/
1552672439803	Marionette	DEBUG	[2147483649] Received observer notification outer-window-destroyed for 2147483676
1552672439804	Marionette	DEBUG	[2147483649] Received observer notification outer-window-destroyed for 2147483678
1552672440132	Marionette	DEBUG	[2147483649] Received DOM event pageshow for https://postmates.com/
1552672441213	Marionette	INFO	Stopped listening on port 34451
1552674082187	mozrunner::runner	INFO	Running command: "/usr/bin/firefox" "-marionette" "-foreground" "-no-remote" "-profile" "/tmp/rust_mozprofile.OOJZ5OweBjOJ"
1552674093259	Marionette	INFO	Listening on port 36387
1552674093427	Marionette	WARN	TLS certificate errors will be ignored for this session
1552674093964	Marionette	DEBUG	[2147483649] Frame script loaded
1552674093988	Marionette	DEBUG	[2147483649] Frame script registered
1552674094133	Marionette	DEBUG	[2147483649] Received DOM event beforeunload for about:blank
1552674095310	Marionette	DEBUG	[2147483649] Received DOM event pagehide for about:blank
1552674095588	Marionette	DEBUG	[2147483649] Received DOM event DOMContentLoaded for https://postmates.com/
1552674114701	Marionette	DEBUG	[2147483649] Received observer notification outer-window-destroyed for 2147483659
1552674114832	Marionette	DEBUG	[2147483649] Received observer notification outer-window-destroyed for 2147483662
1552674115034	Marionette	DEBUG	[2147483649] Received DOM event pageshow for https://postmates.com/
1552674117178	Marionette	DEBUG	[2147483649] Received DOM event beforeunload for https://postmates.com/
1552674118770	Marionette	DEBUG	[2147483649] Received DOM event pagehide for https://postmates.com/
1552674118822	Marionette	DEBUG	[2147483649] Received DOM event unload for https://postmates.com/
1552674119390	Marionette	DEBUG	[2147483649] Received observer notification outer-window-destroyed for 2147483653
1552674119417	Marionette	DEBUG	[2147483649] Received observer notification outer-window-destroyed for 2147483658
1552674119418	Marionette	DEBUG	[2147483649] Received observer notification outer-window-destroyed for 2147483656
1552674119419	Marionette	DEBUG	[2147483649] Received observer notification outer-window-destroyed for 2147483669
1552674119620	Marionette	DEBUG	[2147483649] Received DOM event DOMContentLoaded for https://postmates.com/
1552674132792	Marionette	DEBUG	[2147483649] Received DOM event pageshow for https://postmates.com/
1552674134814	Marionette	INFO	Stopped listening on port 36387
1552864784640	mozrunner::runner	INFO	Running command: "/usr/bin/firefox" "-marionette" "-foreground" "-no-remote" "-profile" "/tmp/rust_mozprofile.tZ3BctOm1KTN"
1552864785025	addons.webextension.screenshots@mozilla.org	WARN	Loading extension 'screenshots@mozilla.org': Reading manifest: Invalid host permission: resource://pdf.js/
1552864785025	addons.webextension.screenshots@mozilla.org	WARN	Loading extension 'screenshots@mozilla.org': Reading manifest: Invalid host permission: about:reader*
1552864785951	Marionette	INFO	Listening on port 39299
1552864786056	Marionette	WARN	TLS certificate errors will be ignored for this session
1552864805709	Marionette	INFO	Stopped listening on port 39299
[Parent 29989, Gecko_IOThread] WARNING: pipe error (78): Connection reset by peer: file /build/firefox-5TPFUC/firefox-65.0.1+build2/ipc/chromium/src/chrome/common/ipc_channel_posix.cc, line 349
1552864927472	mozrunner::runner	INFO	Running command: "/usr/bin/firefox" "-marionette" "-foreground" "-no-remote" "-profile" "/tmp/rust_mozprofile.ZrSOjXnJiCC9"
1552864927839	addons.webextension.screenshots@mozilla.org	WARN	Loading extension 'screenshots@mozilla.org': Reading manifest: Invalid host permission: resource://pdf.js/
1552864927839	addons.webextension.screenshots@mozilla.org	WARN	Loading extension 'screenshots@mozilla.org': Reading manifest: Invalid host permission: about:reader*
1552864928791	Marionette	INFO	Listening on port 42843
1552864929883	Marionette	WARN	TLS certificate errors will be ignored for this session
1552864949848	Marionette	INFO	Stopped listening on port 42843
[Parent 30456, Gecko_IOThread] WARNING: pipe error (78): Connection reset by peer: file /build/firefox-5TPFUC/firefox-65.0.1+build2/ipc/chromium/src/chrome/common/ipc_channel_posix.cc, line 349
1552865999046	mozrunner::runner	INFO	Running command: "/usr/bin/firefox" "-marionette" "-foreground" "-no-remote" "-profile" "/tmp/rust_mozprofile.VG4GivxLXq9V"
1552865999477	addons.webextension.screenshots@mozilla.org	WARN	Loading extension 'screenshots@mozilla.org': Reading manifest: Invalid host permission: resource://pdf.js/
1552865999477	addons.webextension.screenshots@mozilla.org	WARN	Loading extension 'screenshots@mozilla.org': Reading manifest: Invalid host permission: about:reader*
1552866000373	Marionette	INFO	Listening on port 37161
1552866000451	Marionette	WARN	TLS certificate errors will be ignored for this session
1552866015525	Marionette	INFO	Stopped listening on port 37161
[Parent 31494, Gecko_IOThread] WARNING: pipe error (78): Connection reset by peer: file /build/firefox-5TPFUC/firefox-65.0.1+build2/ipc/chromium/src/chrome/common/ipc_channel_posix.cc, line 349
1552866575324	mozrunner::runner	INFO	Running command: "/usr/bin/firefox" "-marionette" "-foreground" "-no-remote" "-profile" "/tmp/rust_mozprofile.b7pHMaZsgIwl"
1552866575598	addons.webextension.screenshots@mozilla.org	WARN	Loading extension 'screenshots@mozilla.org': Reading manifest: Invalid host permission: resource://pdf.js/
1552866575598	addons.webextension.screenshots@mozilla.org	WARN	Loading extension 'screenshots@mozilla.org': Reading manifest: Invalid host permission: about:reader*
1552866576496	Marionette	INFO	Listening on port 39937
1552866576532	Marionette	WARN	TLS certificate errors will be ignored for this session
1552866594027	Marionette	INFO	Stopped listening on port 39937
IPDL protocol error: Handler returned error code!

###!!! [Parent][DispatchAsyncMessage] Error: PLayerTransaction::Msg_ReleaseLayer Processing error: message was deserialized, but the handler returned false (indicating failure)

IPDL protocol error: Handler returned error code!

###!!! [Parent][DispatchAsyncMessage] Error: PLayerTransaction::Msg_ReleaseLayer Processing error: message was deserialized, but the handler returned false (indicating failure)

[Parent 1387, Gecko_IOThread] WARNING: pipe error (78): Connection reset by peer: file /build/firefox-5TPFUC/firefox-65.0.1+build2/ipc/chromium/src/chrome/common/ipc_channel_posix.cc, line 349
1552866697741	mozrunner::runner	INFO	Running command: "/usr/bin/firefox" "-marionette" "-foreground" "-no-remote" "-profile" "/tmp/rust_mozprofile.dRPVTFGgjLtD"
1552866698152	addons.webextension.screenshots@mozilla.org	WARN	Loading extension 'screenshots@mozilla.org': Reading manifest: Invalid host permission: resource://pdf.js/
1552866698152	addons.webextension.screenshots@mozilla.org	WARN	Loading extension 'screenshots@mozilla.org': Reading manifest: Invalid host permission: about:reader*
1552866699071	Marionette	INFO	Listening on port 39511
1552866699146	Marionette	WARN	TLS certificate errors will be ignored for this session
1552866715976	Marionette	INFO	Stopped listening on port 39511
IPDL protocol error: Handler returned error code!

###!!! [Parent][DispatchAsyncMessage] Error: PLayerTransaction::Msg_ReleaseLayer Processing error: message was deserialized, but the handler returned false (indicating failure)

IPDL protocol error: Handler returned error code!

###!!! [Parent][DispatchAsyncMessage] Error: PLayerTransaction::Msg_ReleaseLayer Processing error: message was deserialized, but the handler returned false (indicating failure)

1552867023992	mozrunner::runner	INFO	Running command: "/usr/bin/firefox" "-marionette" "-foreground" "-no-remote" "-profile" "/tmp/rust_mozprofile.hWj8h2O8ILsT"
1552867024596	addons.webextension.screenshots@mozilla.org	WARN	Loading extension 'screenshots@mozilla.org': Reading manifest: Invalid host permission: resource://pdf.js/
1552867024596	addons.webextension.screenshots@mozilla.org	WARN	Loading extension 'screenshots@mozilla.org': Reading manifest: Invalid host permission: about:reader*
1552867025509	Marionette	INFO	Listening on port 40253
1552867025597	Marionette	WARN	TLS certificate errors will be ignored for this session
1552867047611	Marionette	INFO	Stopped listening on port 40253
[Parent 2190, Gecko_IOThread] WARNING: pipe error (78): Connection reset by peer: file /build/firefox-5TPFUC/firefox-65.0.1+build2/ipc/chromium/src/chrome/common/ipc_channel_posix.cc, line 349
1552867116634	mozrunner::runner	INFO	Running command: "/usr/bin/firefox" "-marionette" "-foreground" "-no-remote" "-profile" "/tmp/rust_mozprofile.aVqJ7BO4Gupr"
1552867117073	addons.webextension.screenshots@mozilla.org	WARN	Loading extension 'screenshots@mozilla.org': Reading manifest: Invalid host permission: resource://pdf.js/
1552867117073	addons.webextension.screenshots@mozilla.org	WARN	Loading extension 'screenshots@mozilla.org': Reading manifest: Invalid host permission: about:reader*
1552867117983	Marionette	INFO	Listening on port 46305
1552867118043	Marionette	WARN	TLS certificate errors will be ignored for this session
1552867137319	Marionette	INFO	Stopped listening on port 46305
IPDL protocol error: Handler returned error code!

###!!! [Parent][DispatchAsyncMessage] Error: PLayerTransaction::Msg_ReleaseLayer Processing error: message was deserialized, but the handler returned false (indicating failure)

IPDL protocol error: Handler returned error code!

###!!! [Parent][DispatchAsyncMessage] Error: PLayerTransaction::Msg_ReleaseLayer Processing error: message was deserialized, but the handler returned false (indicating failure)

[Parent 2536, Gecko_IOThread] WARNING: pipe error (78): Connection reset by peer: file /build/firefox-5TPFUC/firefox-65.0.1+build2/ipc/chromium/src/chrome/common/ipc_channel_posix.cc, line 349
1552868425446	mozrunner::runner	INFO	Running command: "/usr/bin/firefox" "-marionette" "-foreground" "-no-remote" "-profile" "/tmp/rust_mozprofile.e5hzIWGvFwiW"
1552868425869	addons.webextension.screenshots@mozilla.org	WARN	Loading extension 'screenshots@mozilla.org': Reading manifest: Invalid host permission: resource://pdf.js/
1552868425869	addons.webextension.screenshots@mozilla.org	WARN	Loading extension 'screenshots@mozilla.org': Reading manifest: Invalid host permission: about:reader*
1552868426784	Marionette	INFO	Listening on port 43811
1552868426852	Marionette	WARN	TLS certificate errors will be ignored for this session
1552868441915	Marionette	INFO	Stopped listening on port 43811
[Parent 3600, Gecko_IOThread] WARNING: pipe error (78): Connection reset by peer: file /build/firefox-5TPFUC/firefox-65.0.1+build2/ipc/chromium/src/chrome/common/ipc_channel_posix.cc, line 349
1552868762557	mozrunner::runner	INFO	Running command: "/usr/bin/firefox" "-marionette" "-foreground" "-no-remote" "-profile" "/tmp/rust_mozprofile.M4ld30M4ndu7"
1552868762977	addons.webextension.screenshots@mozilla.org	WARN	Loading extension 'screenshots@mozilla.org': Reading manifest: Invalid host permission: resource://pdf.js/
1552868762977	addons.webextension.screenshots@mozilla.org	WARN	Loading extension 'screenshots@mozilla.org': Reading manifest: Invalid host permission: about:reader*
1552868763888	Marionette	INFO	Listening on port 34075
1552868763967	Marionette	WARN	TLS certificate errors will be ignored for this session
1552868781874	Marionette	INFO	Stopped listening on port 34075
JavaScript error: resource://gre/modules/WebProgressChild.jsm, line 58: TypeError: this.mm.content is null
[Parent 4140, Gecko_IOThread] WARNING: pipe error (78): Connection reset by peer: file /build/firefox-5TPFUC/firefox-65.0.1+build2/ipc/chromium/src/chrome/common/ipc_channel_posix.cc, line 349
